<?xml version="1.0" encoding="UTF-8"?>
<!-- Generated by org.testng.reporters.JUnitReportReporter -->
<testsuite hostname="Kaviya" failures="0" tests="2" name="testcases.LoginTest" time="173.332" errors="0" timestamp="25 Nov 2023 14:51:38 GMT" skipped="0">
  <testcase classname="testcases.LoginTest" name="LoginFailiureTest" time="28.071"/>
  <testcase classname="testcases.LoginTest" name="LoginSuccessTest" time="145.261"/>
</testsuite> <!-- testcases.LoginTest -->
