<?xml version="1.0" encoding="UTF-8"?>
<!-- Generated by org.testng.reporters.JUnitReportReporter -->
<testsuite hostname="Kaviya" failures="0" tests="2" name="testcases.LoginTest" time="25.195" errors="0" timestamp="02 Mar 2024 17:37:07 GMT" skipped="0">
  <testcase classname="testcases.LoginTest" name="LoginFailiureTest" time="11.912"/>
  <testcase classname="testcases.LoginTest" name="LoginSuccessTest" time="13.283"/>
</testsuite> <!-- testcases.LoginTest -->
