<?xml version="1.0" encoding="UTF-8"?>
<!-- Generated by org.testng.reporters.JUnitReportReporter -->
<testsuite hostname="Kaviya" failures="0" tests="2" name="testcases.LoginTest" time="103.156" errors="0" timestamp="25 Nov 2023 14:29:32 GMT" skipped="0">
  <testcase classname="testcases.LoginTest" name="LoginSuccessTest" time="55.594"/>
  <testcase classname="testcases.LoginTest" name="LoginFailiureTest" time="47.562"/>
</testsuite> <!-- testcases.LoginTest -->
