<?xml version="1.0" encoding="UTF-8"?>
<!-- Generated by org.testng.reporters.JUnitReportReporter -->
<testsuite hostname="Kaviya" failures="0" tests="2" name="testcases.LoginTest" time="21.219" errors="0" timestamp="02 Mar 2024 17:37:45 GMT" skipped="0">
  <testcase classname="testcases.LoginTest" name="LoginFailiureTest" time="10.666"/>
  <testcase classname="testcases.LoginTest" name="LoginSuccessTest" time="10.553"/>
</testsuite> <!-- testcases.LoginTest -->
